[2026-03-04 03:30:01 PM] === Health Check ===
[0;32m✓[0m Gateway is healthy
[0;32m✓[0m Disk usage: 27%
[1;33m⚠[0m No backups found
[1;33m⚠[0m Today's memory file empty/missing
[2026-03-04 03:30:01 PM] Alert suppressed (last sent 1768s ago)
[2026-03-04 03:30:01 PM] Health check complete. Status: ISSUES FOUND
[2026-03-04 04:00:01 PM] === Health Check ===
[0;32m✓[0m Gateway is healthy
[0;32m✓[0m Disk usage: 57%
[1;33m⚠[0m No backups found
[1;33m⚠[0m Today's memory file empty/missing
[2026-03-04 04:00:01 PM] Alert suppressed (last sent 259s ago)
[2026-03-04 04:00:01 PM] Health check complete. Status: ISSUES FOUND
[2026-03-04 04:30:01 PM] === Health Check ===
[0;32m✓[0m Gateway is healthy
[0;32m✓[0m Disk usage: 23%
[1;33m⚠[0m No backups found
[1;33m⚠[0m Today's memory file empty/missing
[2026-03-04 04:30:01 PM] Sending alert: Health check failed
[2026-03-04 04:30:01 PM] Health check complete. Status: ISSUES FOUND
[2026-03-04 05:00:01 PM] === Health Check ===
[0;32m✓[0m Gateway is healthy
[0;32m✓[0m Disk usage: 26%
[1;33m⚠[0m No backups found
[1;33m⚠[0m Today's memory file empty/missing
[2026-03-04 05:00:01 PM] Sending alert: Health check failed
[2026-03-04 05:00:01 PM] Health check complete. Status: ISSUES FOUND
[2026-03-04 05:30:01 PM] === Health Check ===
[2026-03-04 05:30:01 PM] === Health Check ===
[0;32m✓[0m Gateway is healthy
[0;32m✓[0m Gateway is healthy
[0;32m✓[0m Disk usage: 25%
[0;32m✓[0m Disk usage: 25%
[1;33m⚠[0m No backups found
[1;33m⚠[0m No backups found
[1;33m⚠[0m Today's memory file empty/missing
[1;33m⚠[0m Today's memory file empty/missing
[2026-03-04 05:30:01 PM] Sending alert: Health check failed
[2026-03-04 05:30:01 PM] Sending alert: Health check failed
[2026-03-04 05:30:01 PM] Health check complete. Status: ISSUES FOUND
[2026-03-04 05:30:01 PM] Health check complete. Status: ISSUES FOUND
[2026-03-04 06:00:01 PM] === Health Check ===
[2026-03-04 06:00:01 PM] === Health Check ===
[0;32m✓[0m Gateway is healthy
[0;32m✓[0m Disk usage: 27%
[0;32m✓[0m Gateway is healthy
[1;33m⚠[0m No backups found
[0;32m✓[0m Disk usage: 27%
[1;33m⚠[0m Today's memory file empty/missing
[1;33m⚠[0m No backups found
[1;33m⚠[0m Today's memory file empty/missing
[2026-03-04 06:00:01 PM] Sending alert: Health check failed
[2026-03-04 06:00:01 PM] Health check complete. Status: ISSUES FOUND
[2026-03-04 06:00:01 PM] Sending alert: Health check failed
[2026-03-04 06:00:01 PM] Health check complete. Status: ISSUES FOUND
[2026-03-04 06:30:01 PM] === Health Check ===
[2026-03-04 06:30:01 PM] === Health Check ===
[0;32m✓[0m Gateway is healthy
[0;32m✓[0m Gateway is healthy
[0;32m✓[0m Disk usage: 27%
[0;32m✓[0m Disk usage: 27%
[1;33m⚠[0m No backups found
[1;33m⚠[0m Today's memory file empty/missing
[1;33m⚠[0m No backups found
[1;33m⚠[0m Today's memory file empty/missing
[2026-03-04 06:30:01 PM] Sending alert: Health check failed
[2026-03-04 06:30:01 PM] Health check complete. Status: ISSUES FOUND
[2026-03-04 06:30:01 PM] Alert suppressed (last sent 0s ago)
[2026-03-04 06:30:01 PM] Health check complete. Status: ISSUES FOUND
[2026-03-04 07:00:01 PM] === Health Check ===
[2026-03-04 07:00:01 PM] === Health Check ===
[2026-03-04 07:00:01 PM] === Health Check ===
[0;32m✓[0m Gateway is healthy
[0;32m✓[0m Gateway is healthy
[0;32m✓[0m Disk usage: 25%
[0;32m✓[0m Gateway is healthy
[0;32m✓[0m Disk usage: 25%
[0;32m✓[0m Disk usage: 25%
[1;33m⚠[0m No backups found
[1;33m⚠[0m No backups found
[1;33m⚠[0m No backups found
[1;33m⚠[0m Today's memory file empty/missing
[1;33m⚠[0m Today's memory file empty/missing
[1;33m⚠[0m Today's memory file empty/missing
[2026-03-04 07:00:01 PM] Sending alert: Health check failed
[2026-03-04 07:00:01 PM] Health check complete. Status: ISSUES FOUND
[2026-03-04 07:00:01 PM] Sending alert: Health check failed
[2026-03-04 07:00:01 PM] Alert suppressed (last sent 0s ago)
[2026-03-04 07:00:01 PM] Health check complete. Status: ISSUES FOUND
[2026-03-04 07:00:01 PM] Health check complete. Status: ISSUES FOUND
[2026-03-04 07:30:01 PM] === Health Check ===
[2026-03-04 07:30:01 PM] === Health Check ===
[2026-03-04 07:30:01 PM] === Health Check ===
[0;32m✓[0m Gateway is healthy
[0;32m✓[0m Gateway is healthy
[0;32m✓[0m Gateway is healthy
[0;32m✓[0m Disk usage: 26%
[0;32m✓[0m Disk usage: 26%
[0;32m✓[0m Disk usage: 26%
[1;33m⚠[0m No backups found
[1;33m⚠[0m No backups found
[1;33m⚠[0m Today's memory file empty/missing
[1;33m⚠[0m Today's memory file empty/missing
[2026-03-04 07:30:01 PM] Sending alert: Health check failed
[1;33m⚠[0m No backups found
[2026-03-04 07:30:01 PM] Sending alert: Health check failed
[1;33m⚠[0m Today's memory file empty/missing
[2026-03-04 07:30:01 PM] Health check complete. Status: ISSUES FOUND
[2026-03-04 07:30:01 PM] Health check complete. Status: ISSUES FOUND
[2026-03-04 07:30:01 PM] Alert suppressed (last sent 0s ago)
[2026-03-04 07:30:01 PM] Health check complete. Status: ISSUES FOUND
[2026-03-04 08:00:01 PM] === Health Check ===
[2026-03-04 08:00:01 PM] === Health Check ===
[2026-03-04 08:00:01 PM] === Health Check ===
[0;32m✓[0m Gateway is healthy
[0;32m✓[0m Gateway is healthy
[0;32m✓[0m Gateway is healthy
[0;32m✓[0m Disk usage: 21%
[0;32m✓[0m Disk usage: 21%
[0;32m✓[0m Disk usage: 21%
[1;33m⚠[0m No backups found
[1;33m⚠[0m No backups found
[1;33m⚠[0m No backups found
[1;33m⚠[0m Today's memory file empty/missing
[1;33m⚠[0m Today's memory file empty/missing
[1;33m⚠[0m Today's memory file empty/missing
[2026-03-04 08:00:01 PM] Sending alert: Health check failed
[2026-03-04 08:00:01 PM] Sending alert: Health check failed
[2026-03-04 08:00:01 PM] Sending alert: Health check failed
[2026-03-04 08:00:01 PM] Health check complete. Status: ISSUES FOUND
[2026-03-04 08:00:01 PM] Health check complete. Status: ISSUES FOUND
[2026-03-04 08:00:01 PM] Health check complete. Status: ISSUES FOUND
[2026-03-04 08:30:01 PM] === Health Check ===
[2026-03-04 08:30:01 PM] === Health Check ===
[2026-03-04 08:30:01 PM] === Health Check ===
[0;32m✓[0m Gateway is healthy
[0;32m✓[0m Gateway is healthy
[0;32m✓[0m Gateway is healthy
[0;32m✓[0m Disk usage: 21%
[0;32m✓[0m Disk usage: 21%
[0;32m✓[0m Disk usage: 21%
[1;33m⚠[0m No backups found
[1;33m⚠[0m No backups found
[1;33m⚠[0m Today's memory file empty/missing
[1;33m⚠[0m Today's memory file empty/missing
[1;33m⚠[0m No backups found
[1;33m⚠[0m Today's memory file empty/missing
[2026-03-04 08:30:01 PM] Sending alert: Health check failed
[2026-03-04 08:30:01 PM] Health check complete. Status: ISSUES FOUND
[2026-03-04 08:30:01 PM] Alert suppressed (last sent 0s ago)
[2026-03-04 08:30:01 PM] Alert suppressed (last sent 0s ago)
[2026-03-04 08:30:01 PM] Health check complete. Status: ISSUES FOUND
[2026-03-04 08:30:01 PM] Health check complete. Status: ISSUES FOUND
[2026-03-04 09:00:01 PM] === Health Check ===
[2026-03-04 09:00:01 PM] === Health Check ===
[0;32m✓[0m Gateway is healthy
[0;32m✓[0m Gateway is healthy
[2026-03-04 09:00:01 PM] === Health Check ===
[0;32m✓[0m Disk usage: 21%
[0;32m✓[0m Disk usage: 21%
[1;33m⚠[0m No backups found
[1;33m⚠[0m Today's memory file empty/missing
[0;32m✓[0m Gateway is healthy
[0;32m✓[0m Disk usage: 21%
[1;33m⚠[0m No backups found
[1;33m⚠[0m Today's memory file empty/missing
[1;33m⚠[0m No backups found
[2026-03-04 09:00:01 PM] Sending alert: Health check failed
[1;33m⚠[0m Today's memory file empty/missing
[2026-03-04 09:00:01 PM] Sending alert: Health check failed
[2026-03-04 09:00:01 PM] Health check complete. Status: ISSUES FOUND
[2026-03-04 09:00:01 PM] Health check complete. Status: ISSUES FOUND
[2026-03-04 09:00:01 PM] Alert suppressed (last sent 0s ago)
[2026-03-04 09:00:01 PM] Health check complete. Status: ISSUES FOUND
[2026-03-04 09:30:01 PM] === Health Check ===
[2026-03-04 09:30:01 PM] === Health Check ===
[2026-03-04 09:30:01 PM] === Health Check ===
[0;32m✓[0m Gateway is healthy
[0;32m✓[0m Gateway is healthy
[0;32m✓[0m Gateway is healthy
[0;32m✓[0m Disk usage: 21%
[0;32m✓[0m Disk usage: 21%
[0;32m✓[0m Disk usage: 21%
[1;33m⚠[0m No backups found
[1;33m⚠[0m Today's memory file empty/missing
[1;33m⚠[0m No backups found
[1;33m⚠[0m No backups found
[1;33m⚠[0m Today's memory file empty/missing
[1;33m⚠[0m Today's memory file empty/missing
[2026-03-04 09:30:01 PM] Sending alert: Health check failed
[2026-03-04 09:30:01 PM] Sending alert: Health check failed
[2026-03-04 09:30:01 PM] Sending alert: Health check failed
[2026-03-04 09:30:01 PM] Health check complete. Status: ISSUES FOUND
[2026-03-04 09:30:01 PM] Health check complete. Status: ISSUES FOUND
[2026-03-04 09:30:01 PM] Health check complete. Status: ISSUES FOUND
[2026-03-04 10:00:01 PM] === Health Check ===
[2026-03-04 10:00:01 PM] === Health Check ===
[2026-03-04 10:00:01 PM] === Health Check ===
[0;32m✓[0m Gateway is healthy
[0;32m✓[0m Gateway is healthy
[0;32m✓[0m Gateway is healthy
[0;32m✓[0m Disk usage: 21%
[0;32m✓[0m Disk usage: 21%
[0;32m✓[0m Disk usage: 21%
[1;33m⚠[0m No backups found
[1;33m⚠[0m No backups found
[1;33m⚠[0m No backups found
[1;33m⚠[0m Today's memory file empty/missing
[1;33m⚠[0m Today's memory file empty/missing
[1;33m⚠[0m Today's memory file empty/missing
[2026-03-04 10:00:01 PM] Sending alert: Health check failed
[2026-03-04 10:00:01 PM] Sending alert: Health check failed
[2026-03-04 10:00:01 PM] Health check complete. Status: ISSUES FOUND
[2026-03-04 10:00:01 PM] Health check complete. Status: ISSUES FOUND
[2026-03-04 10:00:01 PM] Alert suppressed (last sent 0s ago)
[2026-03-04 10:00:01 PM] Health check complete. Status: ISSUES FOUND
[2026-03-04 10:30:01 PM] === Health Check ===
[2026-03-04 10:30:01 PM] === Health Check ===
[2026-03-04 10:30:01 PM] === Health Check ===
[0;32m✓[0m Gateway is healthy
[0;32m✓[0m Gateway is healthy
[0;32m✓[0m Gateway is healthy
[0;32m✓[0m Disk usage: 21%
[0;32m✓[0m Disk usage: 21%
[0;32m✓[0m Disk usage: 21%
[1;33m⚠[0m No backups found
[1;33m⚠[0m No backups found
[1;33m⚠[0m No backups found
[1;33m⚠[0m Today's memory file empty/missing
[2026-03-04 10:30:02 PM] Sending alert: Health check failed
[1;33m⚠[0m Today's memory file empty/missing
[1;33m⚠[0m Today's memory file empty/missing
[2026-03-04 10:30:02 PM] Health check complete. Status: ISSUES FOUND
[2026-03-04 10:30:02 PM] Alert suppressed (last sent 0s ago)
[2026-03-04 10:30:02 PM] Health check complete. Status: ISSUES FOUND
[2026-03-04 10:30:02 PM] Alert suppressed (last sent 0s ago)
[2026-03-04 10:30:02 PM] Health check complete. Status: ISSUES FOUND
[2026-03-04 11:00:01 PM] === Health Check ===
[2026-03-04 11:00:01 PM] === Health Check ===
[2026-03-04 11:00:01 PM] === Health Check ===
[0;32m✓[0m Gateway is healthy
[0;32m✓[0m Gateway is healthy
[0;32m✓[0m Gateway is healthy
[0;32m✓[0m Disk usage: 20%
[0;32m✓[0m Disk usage: 20%
[0;32m✓[0m Disk usage: 20%
[1;33m⚠[0m No backups found
[1;33m⚠[0m Today's memory file empty/missing
[2026-03-04 11:00:01 PM] Sending alert: Health check failed
[2026-03-04 11:00:01 PM] Health check complete. Status: ISSUES FOUND
[1;33m⚠[0m No backups found
[1;33m⚠[0m Today's memory file empty/missing
[1;33m⚠[0m No backups found
[1;33m⚠[0m Today's memory file empty/missing
[2026-03-04 11:00:01 PM] Alert suppressed (last sent 0s ago)
[2026-03-04 11:00:01 PM] Health check complete. Status: ISSUES FOUND
[2026-03-04 11:00:01 PM] Alert suppressed (last sent 0s ago)
[2026-03-04 11:00:01 PM] Health check complete. Status: ISSUES FOUND
[2026-03-04 11:30:01 PM] === Health Check ===
[2026-03-04 11:30:01 PM] === Health Check ===
[2026-03-04 11:30:01 PM] === Health Check ===
[0;32m✓[0m Gateway is healthy
[0;32m✓[0m Gateway is healthy
[0;32m✓[0m Gateway is healthy
[0;32m✓[0m Disk usage: 20%
[0;32m✓[0m Disk usage: 20%
[0;32m✓[0m Disk usage: 20%
[1;33m⚠[0m No backups found
[1;33m⚠[0m No backups found
[1;33m⚠[0m Today's memory file empty/missing
[1;33m⚠[0m Today's memory file empty/missing
[1;33m⚠[0m No backups found
[1;33m⚠[0m Today's memory file empty/missing
[2026-03-04 11:30:01 PM] Sending alert: Health check failed
[2026-03-04 11:30:01 PM] Sending alert: Health check failed
[2026-03-04 11:30:01 PM] Sending alert: Health check failed
[2026-03-04 11:30:01 PM] Health check complete. Status: ISSUES FOUND
[2026-03-04 11:30:01 PM] Health check complete. Status: ISSUES FOUND
[2026-03-04 11:30:01 PM] Health check complete. Status: ISSUES FOUND
[2026-03-05 12:00:01 AM] === Health Check ===
[2026-03-05 12:00:01 AM] === Health Check ===
[2026-03-05 12:00:01 AM] === Health Check ===
[0;32m✓[0m Gateway is healthy
[0;32m✓[0m Gateway is healthy
[0;32m✓[0m Gateway is healthy
[0;32m✓[0m Disk usage: 20%
[0;32m✓[0m Disk usage: 20%
[1;33m⚠[0m No backups found
[1;33m⚠[0m Today's memory file empty/missing
[0;32m✓[0m Disk usage: 20%
[1;33m⚠[0m No backups found
[1;33m⚠[0m No backups found
[1;33m⚠[0m Today's memory file empty/missing
[2026-03-05 12:00:01 AM] Sending alert: Health check failed
[1;33m⚠[0m Today's memory file empty/missing
[2026-03-05 12:00:01 AM] Health check complete. Status: ISSUES FOUND
[2026-03-05 12:00:01 AM] Alert suppressed (last sent 0s ago)
[2026-03-05 12:00:01 AM] Alert suppressed (last sent 0s ago)
[2026-03-05 12:00:01 AM] Health check complete. Status: ISSUES FOUND
[2026-03-05 12:00:01 AM] Health check complete. Status: ISSUES FOUND
[2026-03-05 12:30:01 AM] === Health Check ===
[2026-03-05 12:30:01 AM] === Health Check ===
[2026-03-05 12:30:01 AM] === Health Check ===
[0;32m✓[0m Gateway is healthy
[0;32m✓[0m Gateway is healthy
[0;32m✓[0m Gateway is healthy
[0;32m✓[0m Disk usage: 20%
[0;32m✓[0m Disk usage: 20%
[0;32m✓[0m Disk usage: 20%
[1;33m⚠[0m No backups found
[1;33m⚠[0m Today's memory file empty/missing
[1;33m⚠[0m No backups found
[1;33m⚠[0m No backups found
[1;33m⚠[0m Today's memory file empty/missing
[1;33m⚠[0m Today's memory file empty/missing
[2026-03-05 12:30:01 AM] Sending alert: Health check failed
[2026-03-05 12:30:01 AM] Sending alert: Health check failed
[2026-03-05 12:30:01 AM] Health check complete. Status: ISSUES FOUND
[2026-03-05 12:30:01 AM] Health check complete. Status: ISSUES FOUND
[2026-03-05 12:30:01 AM] Alert suppressed (last sent 0s ago)
[2026-03-05 12:30:01 AM] Health check complete. Status: ISSUES FOUND
[2026-03-05 01:00:01 AM] === Health Check ===
[2026-03-05 01:00:01 AM] === Health Check ===
[2026-03-05 01:00:01 AM] === Health Check ===
[0;32m✓[0m Gateway is healthy
[0;32m✓[0m Gateway is healthy
[0;32m✓[0m Gateway is healthy
[0;32m✓[0m Disk usage: 20%
[0;32m✓[0m Disk usage: 20%
[1;33m⚠[0m No backups found
[0;32m✓[0m Disk usage: 20%
[1;33m⚠[0m Today's memory file empty/missing
[1;33m⚠[0m No backups found
[1;33m⚠[0m No backups found
[1;33m⚠[0m Today's memory file empty/missing
[1;33m⚠[0m Today's memory file empty/missing
[2026-03-05 01:00:01 AM] Sending alert: Health check failed
[2026-03-05 01:00:01 AM] Sending alert: Health check failed
[2026-03-05 01:00:01 AM] Health check complete. Status: ISSUES FOUND
[2026-03-05 01:00:01 AM] Alert suppressed (last sent 0s ago)
[2026-03-05 01:00:01 AM] Health check complete. Status: ISSUES FOUND
[2026-03-05 01:00:01 AM] Health check complete. Status: ISSUES FOUND
[2026-03-05 01:30:01 AM] === Health Check ===
[2026-03-05 01:30:01 AM] === Health Check ===
[2026-03-05 01:30:01 AM] === Health Check ===
[0;32m✓[0m Gateway is healthy
[0;32m✓[0m Gateway is healthy
[0;32m✓[0m Gateway is healthy
[0;32m✓[0m Disk usage: 20%
[0;32m✓[0m Disk usage: 20%
[0;32m✓[0m Disk usage: 20%
[1;33m⚠[0m No backups found
[1;33m⚠[0m Today's memory file empty/missing
[1;33m⚠[0m No backups found
[1;33m⚠[0m No backups found
[2026-03-05 01:30:01 AM] Sending alert: Health check failed
[2026-03-05 01:30:01 AM] Health check complete. Status: ISSUES FOUND
[1;33m⚠[0m Today's memory file empty/missing
[1;33m⚠[0m Today's memory file empty/missing
[2026-03-05 01:30:01 AM] Alert suppressed (last sent 0s ago)
[2026-03-05 01:30:01 AM] Health check complete. Status: ISSUES FOUND
[2026-03-05 01:30:01 AM] Alert suppressed (last sent 0s ago)
[2026-03-05 01:30:01 AM] Health check complete. Status: ISSUES FOUND
[2026-03-05 02:00:01 AM] === Health Check ===
[2026-03-05 02:00:01 AM] === Health Check ===
[2026-03-05 02:00:01 AM] === Health Check ===
[0;32m✓[0m Gateway is healthy
[0;32m✓[0m Gateway is healthy
[0;32m✓[0m Gateway is healthy
[0;32m✓[0m Disk usage: 20%
[0;32m✓[0m Disk usage: 20%
[0;32m✓[0m Disk usage: 20%
[1;33m⚠[0m No backups found
[1;33m⚠[0m No backups found
[1;33m⚠[0m Today's memory file empty/missing
[1;33m⚠[0m Today's memory file empty/missing
[2026-03-05 02:00:01 AM] Sending alert: Health check failed
[1;33m⚠[0m No backups found
[2026-03-05 02:00:01 AM] Health check complete. Status: ISSUES FOUND
[1;33m⚠[0m Today's memory file empty/missing
[2026-03-05 02:00:01 AM] Alert suppressed (last sent 0s ago)
[2026-03-05 02:00:01 AM] Alert suppressed (last sent 0s ago)
[2026-03-05 02:00:01 AM] Health check complete. Status: ISSUES FOUND
[2026-03-05 02:00:01 AM] Health check complete. Status: ISSUES FOUND
[2026-03-05 02:30:01 AM] === Health Check ===
[2026-03-05 02:30:01 AM] === Health Check ===
[2026-03-05 02:30:01 AM] === Health Check ===
[0;32m✓[0m Gateway is healthy
[0;32m✓[0m Gateway is healthy
[0;32m✓[0m Gateway is healthy
[0;32m✓[0m Disk usage: 20%
[0;32m✓[0m Disk usage: 20%
[0;32m✓[0m Disk usage: 20%
[1;33m⚠[0m No backups found
[1;33m⚠[0m No backups found
[1;33m⚠[0m Today's memory file empty/missing
[1;33m⚠[0m Today's memory file empty/missing
[1;33m⚠[0m No backups found
[1;33m⚠[0m Today's memory file empty/missing
[2026-03-05 02:30:01 AM] Sending alert: Health check failed
[2026-03-05 02:30:01 AM] Sending alert: Health check failed
[2026-03-05 02:30:01 AM] Health check complete. Status: ISSUES FOUND
[2026-03-05 02:30:01 AM] Health check complete. Status: ISSUES FOUND
[2026-03-05 02:30:01 AM] Alert suppressed (last sent 0s ago)
[2026-03-05 02:30:01 AM] Health check complete. Status: ISSUES FOUND
[2026-03-05 03:00:01 AM] === Health Check ===
[2026-03-05 03:00:01 AM] === Health Check ===
[2026-03-05 03:00:01 AM] === Health Check ===
[0;32m✓[0m Gateway is healthy
[0;32m✓[0m Gateway is healthy
[0;32m✓[0m Gateway is healthy
[0;32m✓[0m Disk usage: 20%
[1;33m⚠[0m No backups found
[0;32m✓[0m Disk usage: 20%
[1;33m⚠[0m Today's memory file empty/missing
[0;32m✓[0m Disk usage: 20%
[1;33m⚠[0m No backups found
[1;33m⚠[0m Today's memory file empty/missing
[1;33m⚠[0m No backups found
[1;33m⚠[0m Today's memory file empty/missing
[2026-03-05 03:00:01 AM] Sending alert: Health check failed
[2026-03-05 03:00:01 AM] Sending alert: Health check failed
[2026-03-05 03:00:01 AM] Health check complete. Status: ISSUES FOUND
[2026-03-05 03:00:01 AM] Sending alert: Health check failed
[2026-03-05 03:00:01 AM] Health check complete. Status: ISSUES FOUND
[2026-03-05 03:00:01 AM] Health check complete. Status: ISSUES FOUND
[2026-03-05 03:30:01 AM] === Health Check ===
[2026-03-05 03:30:01 AM] === Health Check ===
[2026-03-05 03:30:01 AM] === Health Check ===
[0;32m✓[0m Gateway is healthy
[0;32m✓[0m Gateway is healthy
[0;32m✓[0m Disk usage: 20%
[0;32m✓[0m Disk usage: 20%
[0;32m✓[0m Gateway is healthy
[1;33m⚠[0m No backups found
[1;33m⚠[0m No backups found
[1;33m⚠[0m Today's memory file empty/missing
[0;32m✓[0m Disk usage: 20%
[1;33m⚠[0m Today's memory file empty/missing
[2026-03-05 03:30:01 AM] Sending alert: Health check failed
[2026-03-05 03:30:01 AM] Health check complete. Status: ISSUES FOUND
[1;33m⚠[0m No backups found
[1;33m⚠[0m Today's memory file empty/missing
[2026-03-05 03:30:01 AM] Alert suppressed (last sent 0s ago)
[2026-03-05 03:30:01 AM] Alert suppressed (last sent 0s ago)
[2026-03-05 03:30:01 AM] Health check complete. Status: ISSUES FOUND
[2026-03-05 03:30:01 AM] Health check complete. Status: ISSUES FOUND
[2026-03-05 04:00:01 AM] === Health Check ===
[2026-03-05 04:00:01 AM] === Health Check ===
[2026-03-05 04:00:01 AM] === Health Check ===
[0;32m✓[0m Gateway is healthy
[0;32m✓[0m Disk usage: 21%
[0;32m✓[0m Gateway is healthy
[0;32m✓[0m Gateway is healthy
[0;32m✓[0m Disk usage: 21%
[1;33m⚠[0m No backups found
[0;32m✓[0m Disk usage: 21%
[1;33m⚠[0m No backups found
[1;33m⚠[0m Today's memory file empty/missing
[1;33m⚠[0m Today's memory file empty/missing
[1;33m⚠[0m No backups found
[1;33m⚠[0m Today's memory file empty/missing
[2026-03-05 04:00:01 AM] Sending alert: Health check failed
[2026-03-05 04:00:01 AM] Sending alert: Health check failed
[2026-03-05 04:00:01 AM] Health check complete. Status: ISSUES FOUND
[2026-03-05 04:00:01 AM] Health check complete. Status: ISSUES FOUND
[2026-03-05 04:00:01 AM] Alert suppressed (last sent 0s ago)
[2026-03-05 04:00:01 AM] Health check complete. Status: ISSUES FOUND
[2026-03-05 04:30:01 AM] === Health Check ===
[2026-03-05 04:30:01 AM] === Health Check ===
[2026-03-05 04:30:01 AM] === Health Check ===
[0;32m✓[0m Gateway is healthy
[0;32m✓[0m Gateway is healthy
[0;32m✓[0m Disk usage: 21%
[0;32m✓[0m Gateway is healthy
[0;32m✓[0m Disk usage: 21%
[1;33m⚠[0m No backups found
[1;33m⚠[0m No backups found
[1;33m⚠[0m Today's memory file empty/missing
[2026-03-05 04:30:01 AM] Sending alert: Health check failed
[2026-03-05 04:30:01 AM] Health check complete. Status: ISSUES FOUND
[0;32m✓[0m Disk usage: 21%
[1;33m⚠[0m Today's memory file empty/missing
[1;33m⚠[0m No backups found
[1;33m⚠[0m Today's memory file empty/missing
[2026-03-05 04:30:01 AM] Alert suppressed (last sent 0s ago)
[2026-03-05 04:30:01 AM] Health check complete. Status: ISSUES FOUND
[2026-03-05 04:30:01 AM] Alert suppressed (last sent 0s ago)
[2026-03-05 04:30:01 AM] Health check complete. Status: ISSUES FOUND
[2026-03-05 05:00:01 AM] === Health Check ===
[2026-03-05 05:00:01 AM] === Health Check ===
[2026-03-05 05:00:01 AM] === Health Check ===
[0;32m✓[0m Gateway is healthy
[0;32m✓[0m Gateway is healthy
[0;32m✓[0m Gateway is healthy
[0;32m✓[0m Disk usage: 21%
[0;32m✓[0m Disk usage: 21%
[0;32m✓[0m Disk usage: 21%
[1;33m⚠[0m No backups found
[1;33m⚠[0m No backups found
[1;33m⚠[0m Today's memory file empty/missing
[1;33m⚠[0m No backups found
[1;33m⚠[0m Today's memory file empty/missing
[1;33m⚠[0m Today's memory file empty/missing
[2026-03-05 05:00:01 AM] Sending alert: Health check failed
[2026-03-05 05:00:01 AM] Health check complete. Status: ISSUES FOUND
[2026-03-05 05:00:01 AM] Alert suppressed (last sent 0s ago)
[2026-03-05 05:00:01 AM] Alert suppressed (last sent 0s ago)
[2026-03-05 05:00:01 AM] Health check complete. Status: ISSUES FOUND
[2026-03-05 05:00:01 AM] Health check complete. Status: ISSUES FOUND
[2026-03-05 05:30:01 AM] === Health Check ===
[2026-03-05 05:30:01 AM] === Health Check ===
[2026-03-05 05:30:01 AM] === Health Check ===
[0;32m✓[0m Gateway is healthy
[0;32m✓[0m Gateway is healthy
[0;32m✓[0m Gateway is healthy
[0;32m✓[0m Disk usage: 21%
[1;33m⚠[0m No backups found
[1;33m⚠[0m Today's memory file empty/missing
[0;32m✓[0m Disk usage: 21%
[0;32m✓[0m Disk usage: 21%
[2026-03-05 05:30:01 AM] Sending alert: Health check failed
[1;33m⚠[0m No backups found
[1;33m⚠[0m Today's memory file empty/missing
[1;33m⚠[0m No backups found
[2026-03-05 05:30:01 AM] Health check complete. Status: ISSUES FOUND
[1;33m⚠[0m Today's memory file empty/missing
[2026-03-05 05:30:01 AM] Alert suppressed (last sent 0s ago)
[2026-03-05 05:30:01 AM] Health check complete. Status: ISSUES FOUND
[2026-03-05 05:30:01 AM] Alert suppressed (last sent 0s ago)
[2026-03-05 05:30:01 AM] Health check complete. Status: ISSUES FOUND
[2026-03-05 06:00:01 AM] === Health Check ===
[2026-03-05 06:00:01 AM] === Health Check ===
[2026-03-05 06:00:01 AM] === Health Check ===
[0;32m✓[0m Gateway is healthy
[0;32m✓[0m Gateway is healthy
[0;32m✓[0m Disk usage: 21%
[0;32m✓[0m Gateway is healthy
[1;33m⚠[0m No backups found
[0;32m✓[0m Disk usage: 21%
[0;32m✓[0m Disk usage: 21%
[1;33m⚠[0m Today's memory file empty/missing
[1;33m⚠[0m No backups found
[1;33m⚠[0m Today's memory file empty/missing
[1;33m⚠[0m No backups found
[1;33m⚠[0m Today's memory file empty/missing
[2026-03-05 06:00:01 AM] Sending alert: Health check failed
[2026-03-05 06:00:01 AM] Sending alert: Health check failed
[2026-03-05 06:00:01 AM] Health check complete. Status: ISSUES FOUND
[2026-03-05 06:00:01 AM] Health check complete. Status: ISSUES FOUND
[2026-03-05 06:00:01 AM] Alert suppressed (last sent 0s ago)
[2026-03-05 06:00:01 AM] Health check complete. Status: ISSUES FOUND
[2026-03-05 06:30:01 AM] === Health Check ===
[2026-03-05 06:30:01 AM] === Health Check ===
[2026-03-05 06:30:01 AM] === Health Check ===
[0;32m✓[0m Gateway is healthy
[0;32m✓[0m Gateway is healthy
[0;32m✓[0m Disk usage: 21%
[0;32m✓[0m Gateway is healthy
[0;32m✓[0m Disk usage: 21%
[1;33m⚠[0m No backups found
[0;32m✓[0m Disk usage: 21%
[1;33m⚠[0m Today's memory file empty/missing
[1;33m⚠[0m No backups found
[1;33m⚠[0m Today's memory file empty/missing
[1;33m⚠[0m No backups found
[1;33m⚠[0m Today's memory file empty/missing
[2026-03-05 06:30:01 AM] Sending alert: Health check failed
[2026-03-05 06:30:02 AM] Sending alert: Health check failed
[2026-03-05 06:30:02 AM] Health check complete. Status: ISSUES FOUND
[2026-03-05 06:30:02 AM] Health check complete. Status: ISSUES FOUND
[2026-03-05 06:30:02 AM] Alert suppressed (last sent 0s ago)
[2026-03-05 06:30:02 AM] Health check complete. Status: ISSUES FOUND
[2026-03-05 07:00:01 AM] === Health Check ===
[2026-03-05 07:00:01 AM] === Health Check ===
[2026-03-05 07:00:01 AM] === Health Check ===
[0;32m✓[0m Gateway is healthy
[0;32m✓[0m Gateway is healthy
[0;32m✓[0m Gateway is healthy
[0;32m✓[0m Disk usage: 21%
[0;32m✓[0m Disk usage: 21%
[0;32m✓[0m Disk usage: 21%
[1;33m⚠[0m No backups found
[1;33m⚠[0m Today's memory file empty/missing
[1;33m⚠[0m No backups found
[1;33m⚠[0m Today's memory file empty/missing
[1;33m⚠[0m No backups found
[1;33m⚠[0m Today's memory file empty/missing
[2026-03-05 07:00:01 AM] Alert suppressed (last sent 1799s ago)
[2026-03-05 07:00:01 AM] Health check complete. Status: ISSUES FOUND
[2026-03-05 07:00:01 AM] Alert suppressed (last sent 1799s ago)
[2026-03-05 07:00:01 AM] Health check complete. Status: ISSUES FOUND
[2026-03-05 07:00:01 AM] Alert suppressed (last sent 1799s ago)
[2026-03-05 07:00:01 AM] Health check complete. Status: ISSUES FOUND
[2026-03-05 07:30:01 AM] === Health Check ===
[2026-03-05 07:30:01 AM] === Health Check ===
[2026-03-05 07:30:01 AM] === Health Check ===
[0;32m✓[0m Gateway is healthy
[0;32m✓[0m Gateway is healthy
[0;32m✓[0m Gateway is healthy
[0;32m✓[0m Disk usage: 21%
[0;32m✓[0m Disk usage: 21%
[0;32m✓[0m Disk usage: 21%
[1;33m⚠[0m No backups found
[1;33m⚠[0m No backups found
[1;33m⚠[0m Today's memory file empty/missing
[1;33m⚠[0m No backups found
[1;33m⚠[0m Today's memory file empty/missing
[1;33m⚠[0m Today's memory file empty/missing
[2026-03-05 07:30:01 AM] Alert suppressed (last sent 886s ago)
[2026-03-05 07:30:01 AM] Alert suppressed (last sent 886s ago)
[2026-03-05 07:30:01 AM] Alert suppressed (last sent 886s ago)
[2026-03-05 07:30:01 AM] Health check complete. Status: ISSUES FOUND
[2026-03-05 07:30:01 AM] Health check complete. Status: ISSUES FOUND
[2026-03-05 07:30:01 AM] Health check complete. Status: ISSUES FOUND
[2026-03-05 08:00:01 AM] === Health Check ===
[2026-03-05 08:00:01 AM] === Health Check ===
[2026-03-05 08:00:01 AM] === Health Check ===
[0;32m✓[0m Gateway is healthy
[0;32m✓[0m Gateway is healthy
[0;32m✓[0m Disk usage: 21%
[0;32m✓[0m Gateway is healthy
[0;32m✓[0m Disk usage: 21%
[1;33m⚠[0m No backups found
[0;32m✓[0m Disk usage: 21%
[1;33m⚠[0m No backups found
[1;33m⚠[0m Today's memory file empty/missing
[1;33m⚠[0m Today's memory file empty/missing
[1;33m⚠[0m No backups found
[1;33m⚠[0m Today's memory file empty/missing
[2026-03-05 08:00:01 AM] Alert suppressed (last sent 884s ago)
[2026-03-05 08:00:01 AM] Health check complete. Status: ISSUES FOUND
[2026-03-05 08:00:01 AM] Alert suppressed (last sent 884s ago)
[2026-03-05 08:00:01 AM] Health check complete. Status: ISSUES FOUND
[2026-03-05 08:00:01 AM] Alert suppressed (last sent 884s ago)
[2026-03-05 08:00:01 AM] Health check complete. Status: ISSUES FOUND
[2026-03-05 08:30:01 AM] === Health Check ===
[2026-03-05 08:30:01 AM] === Health Check ===
[2026-03-05 08:30:01 AM] === Health Check ===
[0;32m✓[0m Gateway is healthy
[0;32m✓[0m Disk usage: 21%
[0;32m✓[0m Gateway is healthy
[0;32m✓[0m Gateway is healthy
[0;32m✓[0m Disk usage: 21%
[1;33m⚠[0m No backups found
[0;32m✓[0m Disk usage: 21%
[1;33m⚠[0m Today's memory file empty/missing
[1;33m⚠[0m No backups found
[1;33m⚠[0m Today's memory file empty/missing
[1;33m⚠[0m No backups found
[1;33m⚠[0m Today's memory file empty/missing
[2026-03-05 08:30:01 AM] Sending alert: Health check failed
[2026-03-05 08:30:01 AM] Health check complete. Status: ISSUES FOUND
[2026-03-05 08:30:01 AM] Alert suppressed (last sent 0s ago)
[2026-03-05 08:30:01 AM] Health check complete. Status: ISSUES FOUND
[2026-03-05 08:30:01 AM] Alert suppressed (last sent 0s ago)
[2026-03-05 08:30:01 AM] Health check complete. Status: ISSUES FOUND
